  glad.c
  imgui.cpp
  imgui_demo.cpp
  imgui_draw.cpp
  imgui_impl_glfw.cpp
  imgui_impl_opengl3.cpp
  imgui_tables.cpp
  imgui_widgets.cpp
  InterfaceManager.hpp
  main.cpp
  sha256.cpp
  Génération de code en cours...
C:\Users\p\Source\Repos\library-app-imgui2\Models.hpp(67,1): warning C4715: 'User::userRoleToString' : les chemins de contrôle ne retournent pas tous une valeur
C:\Users\p\Source\Repos\library-app-imgui2\Models.hpp(56,1): warning C4715: 'User::stringToUserRole' : les chemins de contrôle ne retournent pas tous une valeur
mysqlcppconn-static.lib(mysql_driver.obj) : error LNK2038: discordance détectée pour '_ITERATOR_DEBUG_LEVEL' : la valeur '0' ne correspond pas à la valeur '2' in InterfaceManager.obj
mysqlcppconn-static.lib(mysql_driver.obj) : error LNK2038: discordance détectée pour 'RuntimeLibrary' : la valeur 'MD_DynamicRelease' ne correspond pas à la valeur 'MDd_DynamicDebug' in InterfaceManager.obj
mysqlcppconn-static.lib(mysql_driver.obj) : warning LNK4099: PDB '' n'a pu être trouvé avec 'mysqlcppconn-static.lib(mysql_driver.obj)' ou sur '' ; l'objet sera lié sans informations de débogage
mysqlcppconn-static.lib(mysql_connection.obj) : error LNK2038: discordance détectée pour '_ITERATOR_DEBUG_LEVEL' : la valeur '0' ne correspond pas à la valeur '2' in InterfaceManager.obj
mysqlcppconn-static.lib(mysql_connection.obj) : error LNK2038: discordance détectée pour 'RuntimeLibrary' : la valeur 'MD_DynamicRelease' ne correspond pas à la valeur 'MDd_DynamicDebug' in InterfaceManager.obj
mysqlcppconn-static.lib(mysql_connection.obj) : warning LNK4099: PDB '' n'a pu être trouvé avec 'mysqlcppconn-static.lib(mysql_connection.obj)' ou sur '' ; l'objet sera lié sans informations de débogage
mysqlcppconn-static.lib(mysql_native_driver_wrapper.obj) : error LNK2038: discordance détectée pour '_ITERATOR_DEBUG_LEVEL' : la valeur '0' ne correspond pas à la valeur '2' in InterfaceManager.obj
mysqlcppconn-static.lib(mysql_native_driver_wrapper.obj) : error LNK2038: discordance détectée pour 'RuntimeLibrary' : la valeur 'MD_DynamicRelease' ne correspond pas à la valeur 'MDd_DynamicDebug' in InterfaceManager.obj
mysqlcppconn-static.lib(mysql_native_driver_wrapper.obj) : warning LNK4099: PDB '' n'a pu être trouvé avec 'mysqlcppconn-static.lib(mysql_native_driver_wrapper.obj)' ou sur '' ; l'objet sera lié sans informations de débogage
mysqlcppconn-static.lib(mysql_uri.obj) : error LNK2038: discordance détectée pour '_ITERATOR_DEBUG_LEVEL' : la valeur '0' ne correspond pas à la valeur '2' in InterfaceManager.obj
mysqlcppconn-static.lib(mysql_uri.obj) : error LNK2038: discordance détectée pour 'RuntimeLibrary' : la valeur 'MD_DynamicRelease' ne correspond pas à la valeur 'MDd_DynamicDebug' in InterfaceManager.obj
mysqlcppconn-static.lib(mysql_uri.obj) : warning LNK4099: PDB '' n'a pu être trouvé avec 'mysqlcppconn-static.lib(mysql_uri.obj)' ou sur '' ; l'objet sera lié sans informations de débogage
mysqlcppconn-static.lib(mysql_metadata.obj) : error LNK2038: discordance détectée pour '_ITERATOR_DEBUG_LEVEL' : la valeur '0' ne correspond pas à la valeur '2' in InterfaceManager.obj
mysqlcppconn-static.lib(mysql_metadata.obj) : error LNK2038: discordance détectée pour 'RuntimeLibrary' : la valeur 'MD_DynamicRelease' ne correspond pas à la valeur 'MDd_DynamicDebug' in InterfaceManager.obj
mysqlcppconn-static.lib(mysql_metadata.obj) : warning LNK4099: PDB '' n'a pu être trouvé avec 'mysqlcppconn-static.lib(mysql_metadata.obj)' ou sur '' ; l'objet sera lié sans informations de débogage
mysqlcppconn-static.lib(mysql_warning.obj) : error LNK2038: discordance détectée pour '_ITERATOR_DEBUG_LEVEL' : la valeur '0' ne correspond pas à la valeur '2' in InterfaceManager.obj
mysqlcppconn-static.lib(mysql_warning.obj) : error LNK2038: discordance détectée pour 'RuntimeLibrary' : la valeur 'MD_DynamicRelease' ne correspond pas à la valeur 'MDd_DynamicDebug' in InterfaceManager.obj
mysqlcppconn-static.lib(mysql_warning.obj) : warning LNK4099: PDB '' n'a pu être trouvé avec 'mysqlcppconn-static.lib(mysql_warning.obj)' ou sur '' ; l'objet sera lié sans informations de débogage
mysqlcppconn-static.lib(mysql_prepared_statement.obj) : error LNK2038: discordance détectée pour '_ITERATOR_DEBUG_LEVEL' : la valeur '0' ne correspond pas à la valeur '2' in InterfaceManager.obj
mysqlcppconn-static.lib(mysql_prepared_statement.obj) : error LNK2038: discordance détectée pour 'RuntimeLibrary' : la valeur 'MD_DynamicRelease' ne correspond pas à la valeur 'MDd_DynamicDebug' in InterfaceManager.obj
mysqlcppconn-static.lib(mysql_prepared_statement.obj) : warning LNK4099: PDB '' n'a pu être trouvé avec 'mysqlcppconn-static.lib(mysql_prepared_statement.obj)' ou sur '' ; l'objet sera lié sans informations de débogage
mysqlcppconn-static.lib(mysql_statement.obj) : error LNK2038: discordance détectée pour '_ITERATOR_DEBUG_LEVEL' : la valeur '0' ne correspond pas à la valeur '2' in InterfaceManager.obj
mysqlcppconn-static.lib(mysql_statement.obj) : error LNK2038: discordance détectée pour 'RuntimeLibrary' : la valeur 'MD_DynamicRelease' ne correspond pas à la valeur 'MDd_DynamicDebug' in InterfaceManager.obj
mysqlcppconn-static.lib(mysql_statement.obj) : warning LNK4099: PDB '' n'a pu être trouvé avec 'mysqlcppconn-static.lib(mysql_statement.obj)' ou sur '' ; l'objet sera lié sans informations de débogage
mysqlcppconn-static.lib(mysql_debug.obj) : error LNK2038: discordance détectée pour '_ITERATOR_DEBUG_LEVEL' : la valeur '0' ne correspond pas à la valeur '2' in InterfaceManager.obj
mysqlcppconn-static.lib(mysql_debug.obj) : error LNK2038: discordance détectée pour 'RuntimeLibrary' : la valeur 'MD_DynamicRelease' ne correspond pas à la valeur 'MDd_DynamicDebug' in InterfaceManager.obj
mysqlcppconn-static.lib(mysql_debug.obj) : warning LNK4099: PDB '' n'a pu être trouvé avec 'mysqlcppconn-static.lib(mysql_debug.obj)' ou sur '' ; l'objet sera lié sans informations de débogage
mysqlcppconn-static.lib(mysql_client_api.obj) : error LNK2038: discordance détectée pour '_ITERATOR_DEBUG_LEVEL' : la valeur '0' ne correspond pas à la valeur '2' in InterfaceManager.obj
mysqlcppconn-static.lib(mysql_client_api.obj) : error LNK2038: discordance détectée pour 'RuntimeLibrary' : la valeur 'MD_DynamicRelease' ne correspond pas à la valeur 'MDd_DynamicDebug' in InterfaceManager.obj
mysqlcppconn-static.lib(mysql_client_api.obj) : warning LNK4099: PDB '' n'a pu être trouvé avec 'mysqlcppconn-static.lib(mysql_client_api.obj)' ou sur '' ; l'objet sera lié sans informations de débogage
mysqlcppconn-static.lib(mysql_native_connection_wrapper.obj) : error LNK2038: discordance détectée pour '_ITERATOR_DEBUG_LEVEL' : la valeur '0' ne correspond pas à la valeur '2' in InterfaceManager.obj
mysqlcppconn-static.lib(mysql_native_connection_wrapper.obj) : error LNK2038: discordance détectée pour 'RuntimeLibrary' : la valeur 'MD_DynamicRelease' ne correspond pas à la valeur 'MDd_DynamicDebug' in InterfaceManager.obj
mysqlcppconn-static.lib(mysql_native_connection_wrapper.obj) : warning LNK4099: PDB '' n'a pu être trouvé avec 'mysqlcppconn-static.lib(mysql_native_connection_wrapper.obj)' ou sur '' ; l'objet sera lié sans informations de débogage
mysqlcppconn-static.lib(mysql_util.obj) : error LNK2038: discordance détectée pour '_ITERATOR_DEBUG_LEVEL' : la valeur '0' ne correspond pas à la valeur '2' in InterfaceManager.obj
mysqlcppconn-static.lib(mysql_util.obj) : error LNK2038: discordance détectée pour 'RuntimeLibrary' : la valeur 'MD_DynamicRelease' ne correspond pas à la valeur 'MDd_DynamicDebug' in InterfaceManager.obj
mysqlcppconn-static.lib(mysql_util.obj) : warning LNK4099: PDB '' n'a pu être trouvé avec 'mysqlcppconn-static.lib(mysql_util.obj)' ou sur '' ; l'objet sera lié sans informations de débogage
mysqlcppconn-static.lib(mysql_art_resultset.obj) : error LNK2038: discordance détectée pour '_ITERATOR_DEBUG_LEVEL' : la valeur '0' ne correspond pas à la valeur '2' in InterfaceManager.obj
mysqlcppconn-static.lib(mysql_art_resultset.obj) : error LNK2038: discordance détectée pour 'RuntimeLibrary' : la valeur 'MD_DynamicRelease' ne correspond pas à la valeur 'MDd_DynamicDebug' in InterfaceManager.obj
mysqlcppconn-static.lib(mysql_art_resultset.obj) : warning LNK4099: PDB '' n'a pu être trouvé avec 'mysqlcppconn-static.lib(mysql_art_resultset.obj)' ou sur '' ; l'objet sera lié sans informations de débogage
mysqlcppconn-static.lib(mysql_resultbind.obj) : error LNK2038: discordance détectée pour '_ITERATOR_DEBUG_LEVEL' : la valeur '0' ne correspond pas à la valeur '2' in InterfaceManager.obj
mysqlcppconn-static.lib(mysql_resultbind.obj) : error LNK2038: discordance détectée pour 'RuntimeLibrary' : la valeur 'MD_DynamicRelease' ne correspond pas à la valeur 'MDd_DynamicDebug' in InterfaceManager.obj
mysqlcppconn-static.lib(mysql_resultbind.obj) : warning LNK4099: PDB '' n'a pu être trouvé avec 'mysqlcppconn-static.lib(mysql_resultbind.obj)' ou sur '' ; l'objet sera lié sans informations de débogage
mysqlcppconn-static.lib(mysql_ps_resultset.obj) : error LNK2038: discordance détectée pour '_ITERATOR_DEBUG_LEVEL' : la valeur '0' ne correspond pas à la valeur '2' in InterfaceManager.obj
mysqlcppconn-static.lib(mysql_ps_resultset.obj) : error LNK2038: discordance détectée pour 'RuntimeLibrary' : la valeur 'MD_DynamicRelease' ne correspond pas à la valeur 'MDd_DynamicDebug' in InterfaceManager.obj
mysqlcppconn-static.lib(mysql_ps_resultset.obj) : warning LNK4099: PDB '' n'a pu être trouvé avec 'mysqlcppconn-static.lib(mysql_ps_resultset.obj)' ou sur '' ; l'objet sera lié sans informations de débogage
mysqlcppconn-static.lib(mysql_ps_resultset_metadata.obj) : error LNK2038: discordance détectée pour '_ITERATOR_DEBUG_LEVEL' : la valeur '0' ne correspond pas à la valeur '2' in InterfaceManager.obj
mysqlcppconn-static.lib(mysql_ps_resultset_metadata.obj) : error LNK2038: discordance détectée pour 'RuntimeLibrary' : la valeur 'MD_DynamicRelease' ne correspond pas à la valeur 'MDd_DynamicDebug' in InterfaceManager.obj
mysqlcppconn-static.lib(mysql_ps_resultset_metadata.obj) : warning LNK4099: PDB '' n'a pu être trouvé avec 'mysqlcppconn-static.lib(mysql_ps_resultset_metadata.obj)' ou sur '' ; l'objet sera lié sans informations de débogage
mysqlcppconn-static.lib(mysql_parameter_metadata.obj) : error LNK2038: discordance détectée pour '_ITERATOR_DEBUG_LEVEL' : la valeur '0' ne correspond pas à la valeur '2' in InterfaceManager.obj
mysqlcppconn-static.lib(mysql_parameter_metadata.obj) : error LNK2038: discordance détectée pour 'RuntimeLibrary' : la valeur 'MD_DynamicRelease' ne correspond pas à la valeur 'MDd_DynamicDebug' in InterfaceManager.obj
mysqlcppconn-static.lib(mysql_parameter_metadata.obj) : warning LNK4099: PDB '' n'a pu être trouvé avec 'mysqlcppconn-static.lib(mysql_parameter_metadata.obj)' ou sur '' ; l'objet sera lié sans informations de débogage
mysqlcppconn-static.lib(mysql_resultset.obj) : error LNK2038: discordance détectée pour '_ITERATOR_DEBUG_LEVEL' : la valeur '0' ne correspond pas à la valeur '2' in InterfaceManager.obj
mysqlcppconn-static.lib(mysql_resultset.obj) : error LNK2038: discordance détectée pour 'RuntimeLibrary' : la valeur 'MD_DynamicRelease' ne correspond pas à la valeur 'MDd_DynamicDebug' in InterfaceManager.obj
mysqlcppconn-static.lib(mysql_resultset.obj) : warning LNK4099: PDB '' n'a pu être trouvé avec 'mysqlcppconn-static.lib(mysql_resultset.obj)' ou sur '' ; l'objet sera lié sans informations de débogage
mysqlcppconn-static.lib(client_plugin.obj) : error LNK2038: discordance détectée pour '_ITERATOR_DEBUG_LEVEL' : la valeur '0' ne correspond pas à la valeur '2' in InterfaceManager.obj
mysqlcppconn-static.lib(client_plugin.obj) : error LNK2038: discordance détectée pour 'RuntimeLibrary' : la valeur 'MD_DynamicRelease' ne correspond pas à la valeur 'MDd_DynamicDebug' in InterfaceManager.obj
mysqlcppconn-static.lib(libmysql.obj) : error LNK2038: discordance détectée pour '_ITERATOR_DEBUG_LEVEL' : la valeur '0' ne correspond pas à la valeur '2' in InterfaceManager.obj
mysqlcppconn-static.lib(libmysql.obj) : error LNK2038: discordance détectée pour 'RuntimeLibrary' : la valeur 'MD_DynamicRelease' ne correspond pas à la valeur 'MDd_DynamicDebug' in InterfaceManager.obj
mysqlcppconn-static.lib(client.obj) : error LNK2038: discordance détectée pour '_ITERATOR_DEBUG_LEVEL' : la valeur '0' ne correspond pas à la valeur '2' in InterfaceManager.obj
mysqlcppconn-static.lib(client.obj) : error LNK2038: discordance détectée pour 'RuntimeLibrary' : la valeur 'MD_DynamicRelease' ne correspond pas à la valeur 'MDd_DynamicDebug' in InterfaceManager.obj
mysqlcppconn-static.lib(dns_srv.obj) : error LNK2038: discordance détectée pour '_ITERATOR_DEBUG_LEVEL' : la valeur '0' ne correspond pas à la valeur '2' in InterfaceManager.obj
mysqlcppconn-static.lib(dns_srv.obj) : error LNK2038: discordance détectée pour 'RuntimeLibrary' : la valeur 'MD_DynamicRelease' ne correspond pas à la valeur 'MDd_DynamicDebug' in InterfaceManager.obj
mysqlcppconn-static.lib(mysql_native_resultset_wrapper.obj) : error LNK2038: discordance détectée pour '_ITERATOR_DEBUG_LEVEL' : la valeur '0' ne correspond pas à la valeur '2' in InterfaceManager.obj
mysqlcppconn-static.lib(mysql_native_resultset_wrapper.obj) : error LNK2038: discordance détectée pour 'RuntimeLibrary' : la valeur 'MD_DynamicRelease' ne correspond pas à la valeur 'MDd_DynamicDebug' in InterfaceManager.obj
mysqlcppconn-static.lib(mysql_native_statement_wrapper.obj) : error LNK2038: discordance détectée pour '_ITERATOR_DEBUG_LEVEL' : la valeur '0' ne correspond pas à la valeur '2' in InterfaceManager.obj
mysqlcppconn-static.lib(mysql_native_statement_wrapper.obj) : error LNK2038: discordance détectée pour 'RuntimeLibrary' : la valeur 'MD_DynamicRelease' ne correspond pas à la valeur 'MDd_DynamicDebug' in InterfaceManager.obj
mysqlcppconn-static.lib(mysql_art_rset_metadata.obj) : error LNK2038: discordance détectée pour '_ITERATOR_DEBUG_LEVEL' : la valeur '0' ne correspond pas à la valeur '2' in InterfaceManager.obj
mysqlcppconn-static.lib(mysql_art_rset_metadata.obj) : error LNK2038: discordance détectée pour 'RuntimeLibrary' : la valeur 'MD_DynamicRelease' ne correspond pas à la valeur 'MDd_DynamicDebug' in InterfaceManager.obj
mysqlcppconn-static.lib(mysql_resultset_metadata.obj) : error LNK2038: discordance détectée pour '_ITERATOR_DEBUG_LEVEL' : la valeur '0' ne correspond pas à la valeur '2' in InterfaceManager.obj
mysqlcppconn-static.lib(mysql_resultset_metadata.obj) : error LNK2038: discordance détectée pour 'RuntimeLibrary' : la valeur 'MD_DynamicRelease' ne correspond pas à la valeur 'MDd_DynamicDebug' in InterfaceManager.obj
mysqlcppconn-static.lib(my_alloc.obj) : error LNK2038: discordance détectée pour '_ITERATOR_DEBUG_LEVEL' : la valeur '0' ne correspond pas à la valeur '2' in InterfaceManager.obj
mysqlcppconn-static.lib(my_alloc.obj) : error LNK2038: discordance détectée pour 'RuntimeLibrary' : la valeur 'MD_DynamicRelease' ne correspond pas à la valeur 'MDd_DynamicDebug' in InterfaceManager.obj
mysqlcppconn-static.lib(mysql_native_resultset_wrapper.obj) : warning LNK4099: PDB '' n'a pu être trouvé avec 'mysqlcppconn-static.lib(mysql_native_resultset_wrapper.obj)' ou sur '' ; l'objet sera lié sans informations de débogage
mysqlcppconn-static.lib(mysql_native_statement_wrapper.obj) : warning LNK4099: PDB '' n'a pu être trouvé avec 'mysqlcppconn-static.lib(mysql_native_statement_wrapper.obj)' ou sur '' ; l'objet sera lié sans informations de débogage
mysqlcppconn-static.lib(my_malloc.obj) : error LNK2038: discordance détectée pour '_ITERATOR_DEBUG_LEVEL' : la valeur '0' ne correspond pas à la valeur '2' in InterfaceManager.obj
mysqlcppconn-static.lib(my_malloc.obj) : error LNK2038: discordance détectée pour 'RuntimeLibrary' : la valeur 'MD_DynamicRelease' ne correspond pas à la valeur 'MDd_DynamicDebug' in InterfaceManager.obj
mysqlcppconn-static.lib(mysql_art_rset_metadata.obj) : warning LNK4099: PDB '' n'a pu être trouvé avec 'mysqlcppconn-static.lib(mysql_art_rset_metadata.obj)' ou sur '' ; l'objet sera lié sans informations de débogage
mysqlcppconn-static.lib(mysql_resultset_metadata.obj) : warning LNK4099: PDB '' n'a pu être trouvé avec 'mysqlcppconn-static.lib(mysql_resultset_metadata.obj)' ou sur '' ; l'objet sera lié sans informations de débogage
mysqlcppconn-static.lib(my_strchr.obj) : error LNK2038: discordance détectée pour '_ITERATOR_DEBUG_LEVEL' : la valeur '0' ne correspond pas à la valeur '2' in InterfaceManager.obj
mysqlcppconn-static.lib(my_strchr.obj) : error LNK2038: discordance détectée pour 'RuntimeLibrary' : la valeur 'MD_DynamicRelease' ne correspond pas à la valeur 'MDd_DynamicDebug' in InterfaceManager.obj
mysqlcppconn-static.lib(errmsg.obj) : error LNK2038: discordance détectée pour '_ITERATOR_DEBUG_LEVEL' : la valeur '0' ne correspond pas à la valeur '2' in InterfaceManager.obj
mysqlcppconn-static.lib(errmsg.obj) : error LNK2038: discordance détectée pour 'RuntimeLibrary' : la valeur 'MD_DynamicRelease' ne correspond pas à la valeur 'MDd_DynamicDebug' in InterfaceManager.obj
mysqlcppconn-static.lib(psi_noop.obj) : error LNK2038: discordance détectée pour '_ITERATOR_DEBUG_LEVEL' : la valeur '0' ne correspond pas à la valeur '2' in InterfaceManager.obj
mysqlcppconn-static.lib(psi_noop.obj) : error LNK2038: discordance détectée pour 'RuntimeLibrary' : la valeur 'MD_DynamicRelease' ne correspond pas à la valeur 'MDd_DynamicDebug' in InterfaceManager.obj
mysqlcppconn-static.lib(ctype-utf8.obj) : error LNK2038: discordance détectée pour '_ITERATOR_DEBUG_LEVEL' : la valeur '0' ne correspond pas à la valeur '2' in InterfaceManager.obj
mysqlcppconn-static.lib(ctype-utf8.obj) : error LNK2038: discordance détectée pour 'RuntimeLibrary' : la valeur 'MD_DynamicRelease' ne correspond pas à la valeur 'MDd_DynamicDebug' in InterfaceManager.obj
mysqlcppconn-static.lib(mysql_trace.obj) : error LNK2038: discordance détectée pour '_ITERATOR_DEBUG_LEVEL' : la valeur '0' ne correspond pas à la valeur '2' in InterfaceManager.obj
mysqlcppconn-static.lib(mysql_trace.obj) : error LNK2038: discordance détectée pour 'RuntimeLibrary' : la valeur 'MD_DynamicRelease' ne correspond pas à la valeur 'MDd_DynamicDebug' in InterfaceManager.obj
mysqlcppconn-static.lib(escape_string.obj) : error LNK2038: discordance détectée pour '_ITERATOR_DEBUG_LEVEL' : la valeur '0' ne correspond pas à la valeur '2' in InterfaceManager.obj
mysqlcppconn-static.lib(escape_string.obj) : error LNK2038: discordance détectée pour 'RuntimeLibrary' : la valeur 'MD_DynamicRelease' ne correspond pas à la valeur 'MDd_DynamicDebug' in InterfaceManager.obj
mysqlcppconn-static.lib(my_open.obj) : error LNK2038: discordance détectée pour '_ITERATOR_DEBUG_LEVEL' : la valeur '0' ne correspond pas à la valeur '2' in InterfaceManager.obj
mysqlcppconn-static.lib(my_open.obj) : error LNK2038: discordance détectée pour 'RuntimeLibrary' : la valeur 'MD_DynamicRelease' ne correspond pas à la valeur 'MDd_DynamicDebug' in InterfaceManager.obj
mysqlcppconn-static.lib(my_symlink.obj) : error LNK2038: discordance détectée pour '_ITERATOR_DEBUG_LEVEL' : la valeur '0' ne correspond pas à la valeur '2' in InterfaceManager.obj
mysqlcppconn-static.lib(my_symlink.obj) : error LNK2038: discordance détectée pour 'RuntimeLibrary' : la valeur 'MD_DynamicRelease' ne correspond pas à la valeur 'MDd_DynamicDebug' in InterfaceManager.obj
mysqlcppconn-static.lib(my_read.obj) : error LNK2038: discordance détectée pour '_ITERATOR_DEBUG_LEVEL' : la valeur '0' ne correspond pas à la valeur '2' in InterfaceManager.obj
mysqlcppconn-static.lib(my_read.obj) : error LNK2038: discordance détectée pour 'RuntimeLibrary' : la valeur 'MD_DynamicRelease' ne correspond pas à la valeur 'MDd_DynamicDebug' in InterfaceManager.obj
mysqlcppconn-static.lib(my_error.obj) : error LNK2038: discordance détectée pour '_ITERATOR_DEBUG_LEVEL' : la valeur '0' ne correspond pas à la valeur '2' in InterfaceManager.obj
mysqlcppconn-static.lib(my_error.obj) : error LNK2038: discordance détectée pour 'RuntimeLibrary' : la valeur 'MD_DynamicRelease' ne correspond pas à la valeur 'MDd_DynamicDebug' in InterfaceManager.obj
mysqlcppconn-static.lib(my_init.obj) : error LNK2038: discordance détectée pour '_ITERATOR_DEBUG_LEVEL' : la valeur '0' ne correspond pas à la valeur '2' in InterfaceManager.obj
mysqlcppconn-static.lib(my_init.obj) : error LNK2038: discordance détectée pour 'RuntimeLibrary' : la valeur 'MD_DynamicRelease' ne correspond pas à la valeur 'MDd_DynamicDebug' in InterfaceManager.obj
mysqlcppconn-static.lib(mf_dirname.obj) : error LNK2038: discordance détectée pour '_ITERATOR_DEBUG_LEVEL' : la valeur '0' ne correspond pas à la valeur '2' in InterfaceManager.obj
mysqlcppconn-static.lib(mf_dirname.obj) : error LNK2038: discordance détectée pour 'RuntimeLibrary' : la valeur 'MD_DynamicRelease' ne correspond pas à la valeur 'MDd_DynamicDebug' in InterfaceManager.obj
mysqlcppconn-static.lib(mf_format.obj) : error LNK2038: discordance détectée pour '_ITERATOR_DEBUG_LEVEL' : la valeur '0' ne correspond pas à la valeur '2' in InterfaceManager.obj
mysqlcppconn-static.lib(mf_format.obj) : error LNK2038: discordance détectée pour 'RuntimeLibrary' : la valeur 'MD_DynamicRelease' ne correspond pas à la valeur 'MDd_DynamicDebug' in InterfaceManager.obj
mysqlcppconn-static.lib(my_time.obj) : error LNK2038: discordance détectée pour '_ITERATOR_DEBUG_LEVEL' : la valeur '0' ne correspond pas à la valeur '2' in InterfaceManager.obj
mysqlcppconn-static.lib(my_time.obj) : error LNK2038: discordance détectée pour 'RuntimeLibrary' : la valeur 'MD_DynamicRelease' ne correspond pas à la valeur 'MDd_DynamicDebug' in InterfaceManager.obj
mysqlcppconn-static.lib(my_thr_init.obj) : error LNK2038: discordance détectée pour '_ITERATOR_DEBUG_LEVEL' : la valeur '0' ne correspond pas à la valeur '2' in InterfaceManager.obj
mysqlcppconn-static.lib(my_thr_init.obj) : error LNK2038: discordance détectée pour 'RuntimeLibrary' : la valeur 'MD_DynamicRelease' ne correspond pas à la valeur 'MDd_DynamicDebug' in InterfaceManager.obj
mysqlcppconn-static.lib(list.obj) : error LNK2038: discordance détectée pour '_ITERATOR_DEBUG_LEVEL' : la valeur '0' ne correspond pas à la valeur '2' in InterfaceManager.obj
mysqlcppconn-static.lib(list.obj) : error LNK2038: discordance détectée pour 'RuntimeLibrary' : la valeur 'MD_DynamicRelease' ne correspond pas à la valeur 'MDd_DynamicDebug' in InterfaceManager.obj
mysqlcppconn-static.lib(net_serv.obj) : error LNK2038: discordance détectée pour '_ITERATOR_DEBUG_LEVEL' : la valeur '0' ne correspond pas à la valeur '2' in InterfaceManager.obj
mysqlcppconn-static.lib(net_serv.obj) : error LNK2038: discordance détectée pour 'RuntimeLibrary' : la valeur 'MD_DynamicRelease' ne correspond pas à la valeur 'MDd_DynamicDebug' in InterfaceManager.obj
mysqlcppconn-static.lib(pack.obj) : error LNK2038: discordance détectée pour '_ITERATOR_DEBUG_LEVEL' : la valeur '0' ne correspond pas à la valeur '2' in InterfaceManager.obj
mysqlcppconn-static.lib(pack.obj) : error LNK2038: discordance détectée pour 'RuntimeLibrary' : la valeur 'MD_DynamicRelease' ne correspond pas à la valeur 'MDd_DynamicDebug' in InterfaceManager.obj
mysqlcppconn-static.lib(dtoa.obj) : error LNK2038: discordance détectée pour '_ITERATOR_DEBUG_LEVEL' : la valeur '0' ne correspond pas à la valeur '2' in InterfaceManager.obj
mysqlcppconn-static.lib(dtoa.obj) : error LNK2038: discordance détectée pour 'RuntimeLibrary' : la valeur 'MD_DynamicRelease' ne correspond pas à la valeur 'MDd_DynamicDebug' in InterfaceManager.obj
mysqlcppconn-static.lib(int2str.obj) : error LNK2038: discordance détectée pour '_ITERATOR_DEBUG_LEVEL' : la valeur '0' ne correspond pas à la valeur '2' in InterfaceManager.obj
mysqlcppconn-static.lib(int2str.obj) : error LNK2038: discordance détectée pour 'RuntimeLibrary' : la valeur 'MD_DynamicRelease' ne correspond pas à la valeur 'MDd_DynamicDebug' in InterfaceManager.obj
mysqlcppconn-static.lib(my_strtoll10.obj) : error LNK2038: discordance détectée pour '_ITERATOR_DEBUG_LEVEL' : la valeur '0' ne correspond pas à la valeur '2' in InterfaceManager.obj
mysqlcppconn-static.lib(my_strtoll10.obj) : error LNK2038: discordance détectée pour 'RuntimeLibrary' : la valeur 'MD_DynamicRelease' ne correspond pas à la valeur 'MDd_DynamicDebug' in InterfaceManager.obj
mysqlcppconn-static.lib(viosslfactories.obj) : error LNK2038: discordance détectée pour '_ITERATOR_DEBUG_LEVEL' : la valeur '0' ne correspond pas à la valeur '2' in InterfaceManager.obj
mysqlcppconn-static.lib(viosslfactories.obj) : error LNK2038: discordance détectée pour 'RuntimeLibrary' : la valeur 'MD_DynamicRelease' ne correspond pas à la valeur 'MDd_DynamicDebug' in InterfaceManager.obj
mysqlcppconn-static.lib(vio.obj) : error LNK2038: discordance détectée pour '_ITERATOR_DEBUG_LEVEL' : la valeur '0' ne correspond pas à la valeur '2' in InterfaceManager.obj
mysqlcppconn-static.lib(vio.obj) : error LNK2038: discordance détectée pour 'RuntimeLibrary' : la valeur 'MD_DynamicRelease' ne correspond pas à la valeur 'MDd_DynamicDebug' in InterfaceManager.obj
mysqlcppconn-static.lib(bind_params.obj) : error LNK2038: discordance détectée pour '_ITERATOR_DEBUG_LEVEL' : la valeur '0' ne correspond pas à la valeur '2' in InterfaceManager.obj
mysqlcppconn-static.lib(bind_params.obj) : error LNK2038: discordance détectée pour 'RuntimeLibrary' : la valeur 'MD_DynamicRelease' ne correspond pas à la valeur 'MDd_DynamicDebug' in InterfaceManager.obj
mysqlcppconn-static.lib(charset.obj) : error LNK2038: discordance détectée pour '_ITERATOR_DEBUG_LEVEL' : la valeur '0' ne correspond pas à la valeur '2' in InterfaceManager.obj
mysqlcppconn-static.lib(charset.obj) : error LNK2038: discordance détectée pour 'RuntimeLibrary' : la valeur 'MD_DynamicRelease' ne correspond pas à la valeur 'MDd_DynamicDebug' in InterfaceManager.obj
mysqlcppconn-static.lib(ctype-latin1.obj) : error LNK2038: discordance détectée pour '_ITERATOR_DEBUG_LEVEL' : la valeur '0' ne correspond pas à la valeur '2' in InterfaceManager.obj
mysqlcppconn-static.lib(ctype-latin1.obj) : error LNK2038: discordance détectée pour 'RuntimeLibrary' : la valeur 'MD_DynamicRelease' ne correspond pas à la valeur 'MDd_DynamicDebug' in InterfaceManager.obj
mysqlcppconn-static.lib(errors.obj) : error LNK2038: discordance détectée pour '_ITERATOR_DEBUG_LEVEL' : la valeur '0' ne correspond pas à la valeur '2' in InterfaceManager.obj
mysqlcppconn-static.lib(errors.obj) : error LNK2038: discordance détectée pour 'RuntimeLibrary' : la valeur 'MD_DynamicRelease' ne correspond pas à la valeur 'MDd_DynamicDebug' in InterfaceManager.obj
mysqlcppconn-static.lib(client_authentication.obj) : error LNK2038: discordance détectée pour '_ITERATOR_DEBUG_LEVEL' : la valeur '0' ne correspond pas à la valeur '2' in InterfaceManager.obj
mysqlcppconn-static.lib(client_authentication.obj) : error LNK2038: discordance détectée pour 'RuntimeLibrary' : la valeur 'MD_DynamicRelease' ne correspond pas à la valeur 'MDd_DynamicDebug' in InterfaceManager.obj
mysqlcppconn-static.lib(my_compress.obj) : error LNK2038: discordance détectée pour '_ITERATOR_DEBUG_LEVEL' : la valeur '0' ne correspond pas à la valeur '2' in InterfaceManager.obj
mysqlcppconn-static.lib(my_compress.obj) : error LNK2038: discordance détectée pour 'RuntimeLibrary' : la valeur 'MD_DynamicRelease' ne correspond pas à la valeur 'MDd_DynamicDebug' in InterfaceManager.obj
mysqlcppconn-static.lib(mulalloc.obj) : error LNK2038: discordance détectée pour '_ITERATOR_DEBUG_LEVEL' : la valeur '0' ne correspond pas à la valeur '2' in InterfaceManager.obj
mysqlcppconn-static.lib(mulalloc.obj) : error LNK2038: discordance détectée pour 'RuntimeLibrary' : la valeur 'MD_DynamicRelease' ne correspond pas à la valeur 'MDd_DynamicDebug' in InterfaceManager.obj
mysqlcppconn-static.lib(mf_pack.obj) : error LNK2038: discordance détectée pour '_ITERATOR_DEBUG_LEVEL' : la valeur '0' ne correspond pas à la valeur '2' in InterfaceManager.obj
mysqlcppconn-static.lib(mf_pack.obj) : error LNK2038: discordance détectée pour 'RuntimeLibrary' : la valeur 'MD_DynamicRelease' ne correspond pas à la valeur 'MDd_DynamicDebug' in InterfaceManager.obj
mysqlcppconn-static.lib(compression.obj) : error LNK2038: discordance détectée pour '_ITERATOR_DEBUG_LEVEL' : la valeur '0' ne correspond pas à la valeur '2' in InterfaceManager.obj
mysqlcppconn-static.lib(compression.obj) : error LNK2038: discordance détectée pour 'RuntimeLibrary' : la valeur 'MD_DynamicRelease' ne correspond pas à la valeur 'MDd_DynamicDebug' in InterfaceManager.obj
mysqlcppconn-static.lib(my_default.obj) : error LNK2038: discordance détectée pour '_ITERATOR_DEBUG_LEVEL' : la valeur '0' ne correspond pas à la valeur '2' in InterfaceManager.obj
mysqlcppconn-static.lib(my_default.obj) : error LNK2038: discordance détectée pour 'RuntimeLibrary' : la valeur 'MD_DynamicRelease' ne correspond pas à la valeur 'MDd_DynamicDebug' in InterfaceManager.obj
mysqlcppconn-static.lib(typelib.obj) : error LNK2038: discordance détectée pour '_ITERATOR_DEBUG_LEVEL' : la valeur '0' ne correspond pas à la valeur '2' in InterfaceManager.obj
mysqlcppconn-static.lib(typelib.obj) : error LNK2038: discordance détectée pour 'RuntimeLibrary' : la valeur 'MD_DynamicRelease' ne correspond pas à la valeur 'MDd_DynamicDebug' in InterfaceManager.obj
mysqlcppconn-static.lib(viosocket.obj) : error LNK2038: discordance détectée pour '_ITERATOR_DEBUG_LEVEL' : la valeur '0' ne correspond pas à la valeur '2' in InterfaceManager.obj
mysqlcppconn-static.lib(viosocket.obj) : error LNK2038: discordance détectée pour 'RuntimeLibrary' : la valeur 'MD_DynamicRelease' ne correspond pas à la valeur 'MDd_DynamicDebug' in InterfaceManager.obj
mysqlcppconn-static.lib(viossl.obj) : error LNK2038: discordance détectée pour '_ITERATOR_DEBUG_LEVEL' : la valeur '0' ne correspond pas à la valeur '2' in InterfaceManager.obj
mysqlcppconn-static.lib(viossl.obj) : error LNK2038: discordance détectée pour 'RuntimeLibrary' : la valeur 'MD_DynamicRelease' ne correspond pas à la valeur 'MDd_DynamicDebug' in InterfaceManager.obj
mysqlcppconn-static.lib(my_mess.obj) : error LNK2038: discordance détectée pour '_ITERATOR_DEBUG_LEVEL' : la valeur '0' ne correspond pas à la valeur '2' in InterfaceManager.obj
mysqlcppconn-static.lib(my_mess.obj) : error LNK2038: discordance détectée pour 'RuntimeLibrary' : la valeur 'MD_DynamicRelease' ne correspond pas à la valeur 'MDd_DynamicDebug' in InterfaceManager.obj
mysqlcppconn-static.lib(my_static.obj) : error LNK2038: discordance détectée pour '_ITERATOR_DEBUG_LEVEL' : la valeur '0' ne correspond pas à la valeur '2' in InterfaceManager.obj
mysqlcppconn-static.lib(my_static.obj) : error LNK2038: discordance détectée pour 'RuntimeLibrary' : la valeur 'MD_DynamicRelease' ne correspond pas à la valeur 'MDd_DynamicDebug' in InterfaceManager.obj
mysqlcppconn-static.lib(ctype.obj) : error LNK2038: discordance détectée pour '_ITERATOR_DEBUG_LEVEL' : la valeur '0' ne correspond pas à la valeur '2' in InterfaceManager.obj
mysqlcppconn-static.lib(ctype.obj) : error LNK2038: discordance détectée pour 'RuntimeLibrary' : la valeur 'MD_DynamicRelease' ne correspond pas à la valeur 'MDd_DynamicDebug' in InterfaceManager.obj
mysqlcppconn-static.lib(my_thread.obj) : error LNK2038: discordance détectée pour '_ITERATOR_DEBUG_LEVEL' : la valeur '0' ne correspond pas à la valeur '2' in InterfaceManager.obj
mysqlcppconn-static.lib(my_thread.obj) : error LNK2038: discordance détectée pour 'RuntimeLibrary' : la valeur 'MD_DynamicRelease' ne correspond pas à la valeur 'MDd_DynamicDebug' in InterfaceManager.obj
mysqlcppconn-static.lib(ctype-mb.obj) : error LNK2038: discordance détectée pour '_ITERATOR_DEBUG_LEVEL' : la valeur '0' ne correspond pas à la valeur '2' in InterfaceManager.obj
mysqlcppconn-static.lib(ctype-mb.obj) : error LNK2038: discordance détectée pour 'RuntimeLibrary' : la valeur 'MD_DynamicRelease' ne correspond pas à la valeur 'MDd_DynamicDebug' in InterfaceManager.obj
mysqlcppconn-static.lib(ctype-simple.obj) : error LNK2038: discordance détectée pour '_ITERATOR_DEBUG_LEVEL' : la valeur '0' ne correspond pas à la valeur '2' in InterfaceManager.obj
mysqlcppconn-static.lib(ctype-simple.obj) : error LNK2038: discordance détectée pour 'RuntimeLibrary' : la valeur 'MD_DynamicRelease' ne correspond pas à la valeur 'MDd_DynamicDebug' in InterfaceManager.obj
mysqlcppconn-static.lib(collations_internal.obj) : error LNK2038: discordance détectée pour '_ITERATOR_DEBUG_LEVEL' : la valeur '0' ne correspond pas à la valeur '2' in InterfaceManager.obj
mysqlcppconn-static.lib(collations_internal.obj) : error LNK2038: discordance détectée pour 'RuntimeLibrary' : la valeur 'MD_DynamicRelease' ne correspond pas à la valeur 'MDd_DynamicDebug' in InterfaceManager.obj
mysqlcppconn-static.lib(my_file.obj) : error LNK2038: discordance détectée pour '_ITERATOR_DEBUG_LEVEL' : la valeur '0' ne correspond pas à la valeur '2' in InterfaceManager.obj
mysqlcppconn-static.lib(my_file.obj) : error LNK2038: discordance détectée pour 'RuntimeLibrary' : la valeur 'MD_DynamicRelease' ne correspond pas à la valeur 'MDd_DynamicDebug' in InterfaceManager.obj
mysqlcppconn-static.lib(my_winfile.obj) : error LNK2038: discordance détectée pour '_ITERATOR_DEBUG_LEVEL' : la valeur '0' ne correspond pas à la valeur '2' in InterfaceManager.obj
mysqlcppconn-static.lib(my_winfile.obj) : error LNK2038: discordance détectée pour 'RuntimeLibrary' : la valeur 'MD_DynamicRelease' ne correspond pas à la valeur 'MDd_DynamicDebug' in InterfaceManager.obj
mysqlcppconn-static.lib(mf_loadpath.obj) : error LNK2038: discordance détectée pour '_ITERATOR_DEBUG_LEVEL' : la valeur '0' ne correspond pas à la valeur '2' in InterfaceManager.obj
mysqlcppconn-static.lib(mf_loadpath.obj) : error LNK2038: discordance détectée pour 'RuntimeLibrary' : la valeur 'MD_DynamicRelease' ne correspond pas à la valeur 'MDd_DynamicDebug' in InterfaceManager.obj
mysqlcppconn-static.lib(my_lib.obj) : error LNK2038: discordance détectée pour '_ITERATOR_DEBUG_LEVEL' : la valeur '0' ne correspond pas à la valeur '2' in InterfaceManager.obj
mysqlcppconn-static.lib(my_lib.obj) : error LNK2038: discordance détectée pour 'RuntimeLibrary' : la valeur 'MD_DynamicRelease' ne correspond pas à la valeur 'MDd_DynamicDebug' in InterfaceManager.obj
mysqlcppconn-static.lib(my_once.obj) : error LNK2038: discordance détectée pour '_ITERATOR_DEBUG_LEVEL' : la valeur '0' ne correspond pas à la valeur '2' in InterfaceManager.obj
mysqlcppconn-static.lib(my_once.obj) : error LNK2038: discordance détectée pour 'RuntimeLibrary' : la valeur 'MD_DynamicRelease' ne correspond pas à la valeur 'MDd_DynamicDebug' in InterfaceManager.obj
mysqlcppconn-static.lib(str2int.obj) : error LNK2038: discordance détectée pour '_ITERATOR_DEBUG_LEVEL' : la valeur '0' ne correspond pas à la valeur '2' in InterfaceManager.obj
mysqlcppconn-static.lib(str2int.obj) : error LNK2038: discordance détectée pour 'RuntimeLibrary' : la valeur 'MD_DynamicRelease' ne correspond pas à la valeur 'MDd_DynamicDebug' in InterfaceManager.obj
mysqlcppconn-static.lib(my_getwd.obj) : error LNK2038: discordance détectée pour '_ITERATOR_DEBUG_LEVEL' : la valeur '0' ne correspond pas à la valeur '2' in InterfaceManager.obj
mysqlcppconn-static.lib(my_getwd.obj) : error LNK2038: discordance détectée pour 'RuntimeLibrary' : la valeur 'MD_DynamicRelease' ne correspond pas à la valeur 'MDd_DynamicDebug' in InterfaceManager.obj
mysqlcppconn-static.lib(viopipe.obj) : error LNK2038: discordance détectée pour '_ITERATOR_DEBUG_LEVEL' : la valeur '0' ne correspond pas à la valeur '2' in InterfaceManager.obj
mysqlcppconn-static.lib(viopipe.obj) : error LNK2038: discordance détectée pour 'RuntimeLibrary' : la valeur 'MD_DynamicRelease' ne correspond pas à la valeur 'MDd_DynamicDebug' in InterfaceManager.obj
mysqlcppconn-static.lib(vioshm.obj) : error LNK2038: discordance détectée pour '_ITERATOR_DEBUG_LEVEL' : la valeur '0' ne correspond pas à la valeur '2' in InterfaceManager.obj
mysqlcppconn-static.lib(vioshm.obj) : error LNK2038: discordance détectée pour 'RuntimeLibrary' : la valeur 'MD_DynamicRelease' ne correspond pas à la valeur 'MDd_DynamicDebug' in InterfaceManager.obj
mysqlcppconn-static.lib(collations.obj) : error LNK2038: discordance détectée pour '_ITERATOR_DEBUG_LEVEL' : la valeur '0' ne correspond pas à la valeur '2' in InterfaceManager.obj
mysqlcppconn-static.lib(collations.obj) : error LNK2038: discordance détectée pour 'RuntimeLibrary' : la valeur 'MD_DynamicRelease' ne correspond pas à la valeur 'MDd_DynamicDebug' in InterfaceManager.obj
mysqlcppconn-static.lib(ctype-bin.obj) : error LNK2038: discordance détectée pour '_ITERATOR_DEBUG_LEVEL' : la valeur '0' ne correspond pas à la valeur '2' in InterfaceManager.obj
mysqlcppconn-static.lib(ctype-bin.obj) : error LNK2038: discordance détectée pour 'RuntimeLibrary' : la valeur 'MD_DynamicRelease' ne correspond pas à la valeur 'MDd_DynamicDebug' in InterfaceManager.obj
mysqlcppconn-static.lib(ctype-cp932.obj) : error LNK2038: discordance détectée pour '_ITERATOR_DEBUG_LEVEL' : la valeur '0' ne correspond pas à la valeur '2' in InterfaceManager.obj
mysqlcppconn-static.lib(ctype-cp932.obj) : error LNK2038: discordance détectée pour 'RuntimeLibrary' : la valeur 'MD_DynamicRelease' ne correspond pas à la valeur 'MDd_DynamicDebug' in InterfaceManager.obj
mysqlcppconn-static.lib(crypt_genhash_impl.obj) : error LNK2038: discordance détectée pour '_ITERATOR_DEBUG_LEVEL' : la valeur '0' ne correspond pas à la valeur '2' in InterfaceManager.obj
mysqlcppconn-static.lib(crypt_genhash_impl.obj) : error LNK2038: discordance détectée pour 'RuntimeLibrary' : la valeur 'MD_DynamicRelease' ne correspond pas à la valeur 'MDd_DynamicDebug' in InterfaceManager.obj
mysqlcppconn-static.lib(sha2_password_common.obj) : error LNK2038: discordance détectée pour '_ITERATOR_DEBUG_LEVEL' : la valeur '0' ne correspond pas à la valeur '2' in InterfaceManager.obj
mysqlcppconn-static.lib(sha2_password_common.obj) : error LNK2038: discordance détectée pour 'RuntimeLibrary' : la valeur 'MD_DynamicRelease' ne correspond pas à la valeur 'MDd_DynamicDebug' in InterfaceManager.obj
mysqlcppconn-static.lib(my_aes_openssl.obj) : error LNK2038: discordance détectée pour '_ITERATOR_DEBUG_LEVEL' : la valeur '0' ne correspond pas à la valeur '2' in InterfaceManager.obj
mysqlcppconn-static.lib(my_aes_openssl.obj) : error LNK2038: discordance détectée pour 'RuntimeLibrary' : la valeur 'MD_DynamicRelease' ne correspond pas à la valeur 'MDd_DynamicDebug' in InterfaceManager.obj
mysqlcppconn-static.lib(my_fstream.obj) : error LNK2038: discordance détectée pour '_ITERATOR_DEBUG_LEVEL' : la valeur '0' ne correspond pas à la valeur '2' in InterfaceManager.obj
mysqlcppconn-static.lib(my_fstream.obj) : error LNK2038: discordance détectée pour 'RuntimeLibrary' : la valeur 'MD_DynamicRelease' ne correspond pas à la valeur 'MDd_DynamicDebug' in InterfaceManager.obj
mysqlcppconn-static.lib(my_fopen.obj) : error LNK2038: discordance détectée pour '_ITERATOR_DEBUG_LEVEL' : la valeur '0' ne correspond pas à la valeur '2' in InterfaceManager.obj
mysqlcppconn-static.lib(my_fopen.obj) : error LNK2038: discordance détectée pour 'RuntimeLibrary' : la valeur 'MD_DynamicRelease' ne correspond pas à la valeur 'MDd_DynamicDebug' in InterfaceManager.obj
mysqlcppconn-static.lib(mf_fn_ext.obj) : error LNK2038: discordance détectée pour '_ITERATOR_DEBUG_LEVEL' : la valeur '0' ne correspond pas à la valeur '2' in InterfaceManager.obj
mysqlcppconn-static.lib(mf_fn_ext.obj) : error LNK2038: discordance détectée pour 'RuntimeLibrary' : la valeur 'MD_DynamicRelease' ne correspond pas à la valeur 'MDd_DynamicDebug' in InterfaceManager.obj
mysqlcppconn-static.lib(sql_chars.obj) : error LNK2038: discordance détectée pour '_ITERATOR_DEBUG_LEVEL' : la valeur '0' ne correspond pas à la valeur '2' in InterfaceManager.obj
mysqlcppconn-static.lib(sql_chars.obj) : error LNK2038: discordance détectée pour 'RuntimeLibrary' : la valeur 'MD_DynamicRelease' ne correspond pas à la valeur 'MDd_DynamicDebug' in InterfaceManager.obj
mysqlcppconn-static.lib(ctype-uca.obj) : error LNK2038: discordance détectée pour '_ITERATOR_DEBUG_LEVEL' : la valeur '0' ne correspond pas à la valeur '2' in InterfaceManager.obj
mysqlcppconn-static.lib(ctype-uca.obj) : error LNK2038: discordance détectée pour 'RuntimeLibrary' : la valeur 'MD_DynamicRelease' ne correspond pas à la valeur 'MDd_DynamicDebug' in InterfaceManager.obj
mysqlcppconn-static.lib(my_winerr.obj) : error LNK2038: discordance détectée pour '_ITERATOR_DEBUG_LEVEL' : la valeur '0' ne correspond pas à la valeur '2' in InterfaceManager.obj
mysqlcppconn-static.lib(my_winerr.obj) : error LNK2038: discordance détectée pour 'RuntimeLibrary' : la valeur 'MD_DynamicRelease' ne correspond pas à la valeur 'MDd_DynamicDebug' in InterfaceManager.obj
mysqlcppconn-static.lib(my_uctype.obj) : error LNK2038: discordance détectée pour '_ITERATOR_DEBUG_LEVEL' : la valeur '0' ne correspond pas à la valeur '2' in InterfaceManager.obj
mysqlcppconn-static.lib(my_uctype.obj) : error LNK2038: discordance détectée pour 'RuntimeLibrary' : la valeur 'MD_DynamicRelease' ne correspond pas à la valeur 'MDd_DynamicDebug' in InterfaceManager.obj
mysqlcppconn-static.lib(ctype-big5.obj) : error LNK2038: discordance détectée pour '_ITERATOR_DEBUG_LEVEL' : la valeur '0' ne correspond pas à la valeur '2' in InterfaceManager.obj
mysqlcppconn-static.lib(ctype-big5.obj) : error LNK2038: discordance détectée pour 'RuntimeLibrary' : la valeur 'MD_DynamicRelease' ne correspond pas à la valeur 'MDd_DynamicDebug' in InterfaceManager.obj
mysqlcppconn-static.lib(ctype-win1250ch.obj) : error LNK2038: discordance détectée pour '_ITERATOR_DEBUG_LEVEL' : la valeur '0' ne correspond pas à la valeur '2' in InterfaceManager.obj
mysqlcppconn-static.lib(ctype-win1250ch.obj) : error LNK2038: discordance détectée pour 'RuntimeLibrary' : la valeur 'MD_DynamicRelease' ne correspond pas à la valeur 'MDd_DynamicDebug' in InterfaceManager.obj
mysqlcppconn-static.lib(ctype-czech.obj) : error LNK2038: discordance détectée pour '_ITERATOR_DEBUG_LEVEL' : la valeur '0' ne correspond pas à la valeur '2' in InterfaceManager.obj
mysqlcppconn-static.lib(ctype-czech.obj) : error LNK2038: discordance détectée pour 'RuntimeLibrary' : la valeur 'MD_DynamicRelease' ne correspond pas à la valeur 'MDd_DynamicDebug' in InterfaceManager.obj
mysqlcppconn-static.lib(ctype-eucjpms.obj) : error LNK2038: discordance détectée pour '_ITERATOR_DEBUG_LEVEL' : la valeur '0' ne correspond pas à la valeur '2' in InterfaceManager.obj
mysqlcppconn-static.lib(ctype-eucjpms.obj) : error LNK2038: discordance détectée pour 'RuntimeLibrary' : la valeur 'MD_DynamicRelease' ne correspond pas à la valeur 'MDd_DynamicDebug' in InterfaceManager.obj
mysqlcppconn-static.lib(ctype-euc_kr.obj) : error LNK2038: discordance détectée pour '_ITERATOR_DEBUG_LEVEL' : la valeur '0' ne correspond pas à la valeur '2' in InterfaceManager.obj
mysqlcppconn-static.lib(ctype-euc_kr.obj) : error LNK2038: discordance détectée pour 'RuntimeLibrary' : la valeur 'MD_DynamicRelease' ne correspond pas à la valeur 'MDd_DynamicDebug' in InterfaceManager.obj
mysqlcppconn-static.lib(ctype-gb2312.obj) : error LNK2038: discordance détectée pour '_ITERATOR_DEBUG_LEVEL' : la valeur '0' ne correspond pas à la valeur '2' in InterfaceManager.obj
mysqlcppconn-static.lib(ctype-gb2312.obj) : error LNK2038: discordance détectée pour 'RuntimeLibrary' : la valeur 'MD_DynamicRelease' ne correspond pas à la valeur 'MDd_DynamicDebug' in InterfaceManager.obj
mysqlcppconn-static.lib(ctype-gbk.obj) : error LNK2038: discordance détectée pour '_ITERATOR_DEBUG_LEVEL' : la valeur '0' ne correspond pas à la valeur '2' in InterfaceManager.obj
mysqlcppconn-static.lib(ctype-gbk.obj) : error LNK2038: discordance détectée pour 'RuntimeLibrary' : la valeur 'MD_DynamicRelease' ne correspond pas à la valeur 'MDd_DynamicDebug' in InterfaceManager.obj
mysqlcppconn-static.lib(ctype-gb18030.obj) : error LNK2038: discordance détectée pour '_ITERATOR_DEBUG_LEVEL' : la valeur '0' ne correspond pas à la valeur '2' in InterfaceManager.obj
mysqlcppconn-static.lib(ctype-gb18030.obj) : error LNK2038: discordance détectée pour 'RuntimeLibrary' : la valeur 'MD_DynamicRelease' ne correspond pas à la valeur 'MDd_DynamicDebug' in InterfaceManager.obj
mysqlcppconn-static.lib(ctype-sjis.obj) : error LNK2038: discordance détectée pour '_ITERATOR_DEBUG_LEVEL' : la valeur '0' ne correspond pas à la valeur '2' in InterfaceManager.obj
mysqlcppconn-static.lib(ctype-sjis.obj) : error LNK2038: discordance détectée pour 'RuntimeLibrary' : la valeur 'MD_DynamicRelease' ne correspond pas à la valeur 'MDd_DynamicDebug' in InterfaceManager.obj
mysqlcppconn-static.lib(ctype-tis620.obj) : error LNK2038: discordance détectée pour '_ITERATOR_DEBUG_LEVEL' : la valeur '0' ne correspond pas à la valeur '2' in InterfaceManager.obj
mysqlcppconn-static.lib(ctype-tis620.obj) : error LNK2038: discordance détectée pour 'RuntimeLibrary' : la valeur 'MD_DynamicRelease' ne correspond pas à la valeur 'MDd_DynamicDebug' in InterfaceManager.obj
mysqlcppconn-static.lib(ctype-ujis.obj) : error LNK2038: discordance détectée pour '_ITERATOR_DEBUG_LEVEL' : la valeur '0' ne correspond pas à la valeur '2' in InterfaceManager.obj
mysqlcppconn-static.lib(ctype-ujis.obj) : error LNK2038: discordance détectée pour 'RuntimeLibrary' : la valeur 'MD_DynamicRelease' ne correspond pas à la valeur 'MDd_DynamicDebug' in InterfaceManager.obj
mysqlcppconn-static.lib(ctype-ucs2.obj) : error LNK2038: discordance détectée pour '_ITERATOR_DEBUG_LEVEL' : la valeur '0' ne correspond pas à la valeur '2' in InterfaceManager.obj
mysqlcppconn-static.lib(ctype-ucs2.obj) : error LNK2038: discordance détectée pour 'RuntimeLibrary' : la valeur 'MD_DynamicRelease' ne correspond pas à la valeur 'MDd_DynamicDebug' in InterfaceManager.obj
mysqlcppconn-static.lib(ctype-extra.obj) : error LNK2038: discordance détectée pour '_ITERATOR_DEBUG_LEVEL' : la valeur '0' ne correspond pas à la valeur '2' in InterfaceManager.obj
mysqlcppconn-static.lib(ctype-extra.obj) : error LNK2038: discordance détectée pour 'RuntimeLibrary' : la valeur 'MD_DynamicRelease' ne correspond pas à la valeur 'MDd_DynamicDebug' in InterfaceManager.obj
mysqlcppconn-static.lib(my_access.obj) : error LNK2038: discordance détectée pour '_ITERATOR_DEBUG_LEVEL' : la valeur '0' ne correspond pas à la valeur '2' in InterfaceManager.obj
mysqlcppconn-static.lib(my_access.obj) : error LNK2038: discordance détectée pour 'RuntimeLibrary' : la valeur 'MD_DynamicRelease' ne correspond pas à la valeur 'MDd_DynamicDebug' in InterfaceManager.obj
mysqlcppconn-static.lib(my_aes.obj) : error LNK2038: discordance détectée pour '_ITERATOR_DEBUG_LEVEL' : la valeur '0' ne correspond pas à la valeur '2' in InterfaceManager.obj
mysqlcppconn-static.lib(my_aes.obj) : error LNK2038: discordance détectée pour 'RuntimeLibrary' : la valeur 'MD_DynamicRelease' ne correspond pas à la valeur 'MDd_DynamicDebug' in InterfaceManager.obj
mysqlcppconn-static.lib(my_kdf.obj) : error LNK2038: discordance détectée pour '_ITERATOR_DEBUG_LEVEL' : la valeur '0' ne correspond pas à la valeur '2' in InterfaceManager.obj
mysqlcppconn-static.lib(my_kdf.obj) : error LNK2038: discordance détectée pour 'RuntimeLibrary' : la valeur 'MD_DynamicRelease' ne correspond pas à la valeur 'MDd_DynamicDebug' in InterfaceManager.obj
glfw3.lib(init.obj) : warning LNK4099: PDB '' n'a pu être trouvé avec 'glfw3.lib(init.obj)' ou sur '' ; l'objet sera lié sans informations de débogage
glfw3.lib(monitor.obj) : warning LNK4099: PDB '' n'a pu être trouvé avec 'glfw3.lib(monitor.obj)' ou sur '' ; l'objet sera lié sans informations de débogage
glfw3.lib(window.obj) : warning LNK4099: PDB '' n'a pu être trouvé avec 'glfw3.lib(window.obj)' ou sur '' ; l'objet sera lié sans informations de débogage
glfw3.lib(input.obj) : warning LNK4099: PDB '' n'a pu être trouvé avec 'glfw3.lib(input.obj)' ou sur '' ; l'objet sera lié sans informations de débogage
glfw3.lib(win32_window.obj) : warning LNK4099: PDB '' n'a pu être trouvé avec 'glfw3.lib(win32_window.obj)' ou sur '' ; l'objet sera lié sans informations de débogage
glfw3.lib(context.obj) : warning LNK4099: PDB '' n'a pu être trouvé avec 'glfw3.lib(context.obj)' ou sur '' ; l'objet sera lié sans informations de débogage
glfw3.lib(win32_time.obj) : warning LNK4099: PDB '' n'a pu être trouvé avec 'glfw3.lib(win32_time.obj)' ou sur '' ; l'objet sera lié sans informations de débogage
glfw3.lib(win32_thread.obj) : warning LNK4099: PDB '' n'a pu être trouvé avec 'glfw3.lib(win32_thread.obj)' ou sur '' ; l'objet sera lié sans informations de débogage
glfw3.lib(platform.obj) : warning LNK4099: PDB '' n'a pu être trouvé avec 'glfw3.lib(platform.obj)' ou sur '' ; l'objet sera lié sans informations de débogage
glfw3.lib(vulkan.obj) : warning LNK4099: PDB '' n'a pu être trouvé avec 'glfw3.lib(vulkan.obj)' ou sur '' ; l'objet sera lié sans informations de débogage
glfw3.lib(win32_init.obj) : warning LNK4099: PDB '' n'a pu être trouvé avec 'glfw3.lib(win32_init.obj)' ou sur '' ; l'objet sera lié sans informations de débogage
glfw3.lib(win32_monitor.obj) : warning LNK4099: PDB '' n'a pu être trouvé avec 'glfw3.lib(win32_monitor.obj)' ou sur '' ; l'objet sera lié sans informations de débogage
glfw3.lib(wgl_context.obj) : warning LNK4099: PDB '' n'a pu être trouvé avec 'glfw3.lib(wgl_context.obj)' ou sur '' ; l'objet sera lié sans informations de débogage
glfw3.lib(egl_context.obj) : warning LNK4099: PDB '' n'a pu être trouvé avec 'glfw3.lib(egl_context.obj)' ou sur '' ; l'objet sera lié sans informations de débogage
glfw3.lib(osmesa_context.obj) : warning LNK4099: PDB '' n'a pu être trouvé avec 'glfw3.lib(osmesa_context.obj)' ou sur '' ; l'objet sera lié sans informations de débogage
glfw3.lib(null_init.obj) : warning LNK4099: PDB '' n'a pu être trouvé avec 'glfw3.lib(null_init.obj)' ou sur '' ; l'objet sera lié sans informations de débogage
glfw3.lib(win32_module.obj) : warning LNK4099: PDB '' n'a pu être trouvé avec 'glfw3.lib(win32_module.obj)' ou sur '' ; l'objet sera lié sans informations de débogage
glfw3.lib(win32_joystick.obj) : warning LNK4099: PDB '' n'a pu être trouvé avec 'glfw3.lib(win32_joystick.obj)' ou sur '' ; l'objet sera lié sans informations de débogage
glfw3.lib(null_monitor.obj) : warning LNK4099: PDB '' n'a pu être trouvé avec 'glfw3.lib(null_monitor.obj)' ou sur '' ; l'objet sera lié sans informations de débogage
glfw3.lib(null_window.obj) : warning LNK4099: PDB '' n'a pu être trouvé avec 'glfw3.lib(null_window.obj)' ou sur '' ; l'objet sera lié sans informations de débogage
glfw3.lib(null_joystick.obj) : warning LNK4099: PDB '' n'a pu être trouvé avec 'glfw3.lib(null_joystick.obj)' ou sur '' ; l'objet sera lié sans informations de débogage
     Création de la bibliothèque C:\Users\p\Source\Repos\library-app-imgui2\x64\Debug\learnOpenGL.lib et de l'objet C:\Users\p\Source\Repos\library-app-imgui2\x64\Debug\learnOpenGL.exp
LINK : warning LNK4098: conflit entre la bibliothèque par défaut 'MSVCRTD' et les autres bibliothèques ; utilisez /NODEFAULTLIB:library
main.obj : error LNK2019: symbole externe non résolu __imp__invalid_parameter référencé dans la fonction "void * __cdecl std::_Allocate_manually_vector_aligned<struct std::_Default_allocate_traits>(unsigned __int64)" (??$_Allocate_manually_vector_aligned@U_Default_allocate_traits@std@@@std@@YAPEAX_K@Z)
sha256.obj : error LNK2001: symbole externe non résolu __imp__invalid_parameter
main.obj : error LNK2019: symbole externe non résolu __imp__CrtDbgReport référencé dans la fonction "void * __cdecl std::_Allocate_manually_vector_aligned<struct std::_Default_allocate_traits>(unsigned __int64)" (??$_Allocate_manually_vector_aligned@U_Default_allocate_traits@std@@@std@@YAPEAX_K@Z)
sha256.obj : error LNK2001: symbole externe non résolu __imp__CrtDbgReport
msvcprtd.lib(locale0_implib.obj) : error LNK2019: symbole externe non résolu __imp__free_dbg référencé dans la fonction "public: static void __cdecl std::_Fac_node::operator delete(void *)" (??3_Fac_node@std@@SAXPEAX@Z)
msvcprtd.lib(locale0_implib.obj) : error LNK2019: symbole externe non résolu __imp__malloc_dbg référencé dans la fonction "public: static void * __cdecl std::_Fac_node::operator new(unsigned __int64)" (??2_Fac_node@std@@SAPEAX_K@Z)
C:\Users\p\Source\Repos\library-app-imgui2\x64\Debug\learnOpenGL.exe : fatal error LNK1120: 4 externes non résolus
