c:\users\p\source\repos\library-app-imgui\learnopengl\x64\debug\vc143.pdb
c:\users\p\source\repos\library-app-imgui\learnopengl\x64\debug\vc143.idb
c:\users\p\source\repos\library-app-imgui\learnopengl\x64\debug\glad.obj
c:\users\p\source\repos\library-app-imgui\learnopengl\x64\debug\main.obj
c:\users\p\source\repos\library-app-imgui\learnopengl\x64\debug\imgui_widgets.obj
c:\users\p\source\repos\library-app-imgui\learnopengl\x64\debug\imgui_tables.obj
c:\users\p\source\repos\library-app-imgui\learnopengl\x64\debug\imgui_impl_opengl3.obj
c:\users\p\source\repos\library-app-imgui\learnopengl\x64\debug\imgui_impl_glfw.obj
c:\users\p\source\repos\library-app-imgui\learnopengl\x64\debug\imgui_draw.obj
c:\users\p\source\repos\library-app-imgui\learnopengl\x64\debug\imgui_demo.obj
c:\users\p\source\repos\library-app-imgui\learnopengl\x64\debug\imgui.obj
c:\users\p\source\repos\library-app-imgui\x64\debug\learnopengl.exe
c:\users\p\source\repos\library-app-imgui\x64\debug\learnopengl.pdb
c:\users\p\source\repos\library-app-imgui\learnopengl\x64\debug\learnopengl.ilk
c:\users\p\source\repos\library-app-imgui\learnopengl\x64\debug\learnopengl.tlog\cl.command.1.tlog
c:\users\p\source\repos\library-app-imgui\learnopengl\x64\debug\learnopengl.tlog\cl.items.tlog
c:\users\p\source\repos\library-app-imgui\learnopengl\x64\debug\learnopengl.tlog\cl.read.1.tlog
c:\users\p\source\repos\library-app-imgui\learnopengl\x64\debug\learnopengl.tlog\cl.write.1.tlog
c:\users\p\source\repos\library-app-imgui\learnopengl\x64\debug\learnopengl.tlog\link.command.1.tlog
c:\users\p\source\repos\library-app-imgui\learnopengl\x64\debug\learnopengl.tlog\link.read.1.tlog
c:\users\p\source\repos\library-app-imgui\learnopengl\x64\debug\learnopengl.tlog\link.secondary.1.tlog
c:\users\p\source\repos\library-app-imgui\learnopengl\x64\debug\learnopengl.tlog\link.write.1.tlog
