c:\users\p\source\repos\library-app-imgui2\learnopengl\x64\release\vc143.pdb
c:\users\p\source\repos\library-app-imgui2\learnopengl\x64\release\sha256.obj
c:\users\p\source\repos\library-app-imgui2\learnopengl\x64\release\main.obj
c:\users\p\source\repos\library-app-imgui2\learnopengl\x64\release\interfacemanager.obj
c:\users\p\source\repos\library-app-imgui2\learnopengl\x64\release\imgui_widgets.obj
c:\users\p\source\repos\library-app-imgui2\learnopengl\x64\release\imgui_tables.obj
c:\users\p\source\repos\library-app-imgui2\learnopengl\x64\release\imgui_impl_opengl3.obj
c:\users\p\source\repos\library-app-imgui2\learnopengl\x64\release\imgui_impl_glfw.obj
c:\users\p\source\repos\library-app-imgui2\learnopengl\x64\release\imgui_draw.obj
c:\users\p\source\repos\library-app-imgui2\learnopengl\x64\release\imgui_demo.obj
c:\users\p\source\repos\library-app-imgui2\learnopengl\x64\release\imgui.obj
c:\users\p\source\repos\library-app-imgui2\learnopengl\x64\release\borrowingspage.obj
c:\users\p\source\repos\library-app-imgui2\learnopengl\x64\release\bookspage.obj
c:\users\p\source\repos\library-app-imgui2\learnopengl\x64\release\glad.obj
c:\users\p\source\repos\library-app-imgui2\x64\release\learnopengl.exe
c:\users\p\source\repos\library-app-imgui2\x64\release\learnopengl.pdb
c:\users\p\source\repos\library-app-imgui2\x64\release\learnopengl.lib
c:\users\p\source\repos\library-app-imgui2\x64\release\learnopengl.exp
c:\users\p\source\repos\library-app-imgui2\learnopengl\x64\release\learnopengl.ipdb
c:\users\p\source\repos\library-app-imgui2\learnopengl\x64\release\learnopengl.iobj
c:\users\p\source\repos\library-app-imgui2\learnopengl\x64\release\learnopengl.tlog\cl.command.1.tlog
c:\users\p\source\repos\library-app-imgui2\learnopengl\x64\release\learnopengl.tlog\cl.items.tlog
c:\users\p\source\repos\library-app-imgui2\learnopengl\x64\release\learnopengl.tlog\cl.read.1.tlog
c:\users\p\source\repos\library-app-imgui2\learnopengl\x64\release\learnopengl.tlog\cl.write.1.tlog
c:\users\p\source\repos\library-app-imgui2\learnopengl\x64\release\learnopengl.tlog\link.command.1.tlog
c:\users\p\source\repos\library-app-imgui2\learnopengl\x64\release\learnopengl.tlog\link.read.1.tlog
c:\users\p\source\repos\library-app-imgui2\learnopengl\x64\release\learnopengl.tlog\link.secondary.1.tlog
c:\users\p\source\repos\library-app-imgui2\learnopengl\x64\release\learnopengl.tlog\link.write.1.tlog
